#
# A fatal error has been detected by the Java Runtime Environment:
#
#  SIGSEGV (0xb) at pc=0x0000000108088ea4, pid=87292, tid=0x0000000000000307
#
# JRE version: OpenJDK Runtime Environment (8.0_152-b12) (build 1.8.0_152-release-1056-b12)
# Java VM: OpenJDK 64-Bit Server VM (25.152-b12 mixed mode bsd-amd64 compressed oops)
# Problematic frame:
# C  [_jpype.cpython-37m-darwin.so+0x46ea4]  _ZN16JPReferenceQueue11registerRefEP8_jobjectP7_object+0x4
#
# Failed to write core dump. Core dumps have been disabled. To enable core dumping, try "ulimit -c unlimited" before starting Java again
#
# If you would like to submit a bug report, please visit:
#   http://bugreport.java.com/bugreport/crash.jsp
# The crash happened outside the Java Virtual Machine in native code.
# See problematic frame for where to report the bug.
#

---------------  T H R E A D  ---------------

Current thread (0x00007fd6718af800):  JavaThread "main" [_thread_in_native, id=775, stack(0x00007ffee73df000,0x00007ffee83df000)]

siginfo: si_signo: 11 (SIGSEGV), si_code: 1 (SEGV_MAPERR), si_addr: 0x0000000000000000

Registers:
RAX=0xf586aee9381800ea, RBX=0x00007fd6707f13b0, RCX=0x0000000109037e80, RDX=0x0000000000000000
RSP=0x00007ffee83dbd10, RBP=0x00007ffee83dbd10, RSI=0x00007fd6707f13b0, RDI=0x00007fd674817370
R8 =0x0000000000000003, R9 =0x0000000000000030, R10=0x0000000109103a90, R11=0x0000000105bb3000
R12=0x0000000000000000, R13=0x000000010c120a10, R14=0x00007fd670634660, R15=0x00007fd6718af800
RIP=0x0000000108088ea4, EFLAGS=0x0000000000010206, ERR=0x0000000000000006
  TRAPNO=0x000000000000000e

Top of Stack: (sp=0x00007ffee83dbd10)
0x00007ffee83dbd10:   00007ffee83dbd80 0000000108061520
0x00007ffee83dbd20:   0000000107a15ce8 0000000000000000
0x00007ffee83dbd30:   00007fd67040a3e0 00007fd670634660
0x00007ffee83dbd40:   00007fd6718af9e0 0000000107930100
0x00007ffee83dbd50:   0000000107a15ce8 0000000000000000
0x00007ffee83dbd60:   00007fd673752820 0000000108057d01
0x00007ffee83dbd70:   00007fd6748cf6a0 00007fd670634660
0x00007ffee83dbd80:   00007ffee83dbde0 0000000108062f0e
0x00007ffee83dbd90:   00007ffee83dbda0 00007fd670634660
0x00007ffee83dbda0:   00007fd6718af9e0 00007fff687b0000
0x00007ffee83dbdb0:   00000a656e6f4e0a 0000000000000000
0x00007ffee83dbdc0:   0000000000000000 00007fd6748cef30
0x00007ffee83dbdd0:   00007ffee83dbe18 0000000000000002
0x00007ffee83dbde0:   00007ffee83dbe00 000000010807c68d
0x00007ffee83dbdf0:   00007fd6748cf680 00007ffee83dbf00
0x00007ffee83dbe00:   00007ffee83dbe40 000000010807c756
0x00007ffee83dbe10:   0000000000000000 00007fd670634660
0x00007ffee83dbe20:   00007fd6718af9e0 00000001139c0000
0x00007ffee83dbe30:   00007fd675264c70 000000010c120a10
0x00007ffee83dbe40:   00007ffee83dbec0 00000001136d33a7
0x00007ffee83dbe50:   00007ffee83dbe50 000000010bd2a7b1
0x00007ffee83dbe60:   0000000780009b00 0000000780049780
0x00007ffee83dbe70:   0000000000000000 000000010bd2a7c8
0x00007ffee83dbe80:   00007ffee83dbe80 0000000000000000
0x00007ffee83dbe90:   00007ffee83dbf00 000000010c121028
0x00007ffee83dbea0:   0000000000000000 000000010c120a10
0x00007ffee83dbeb0:   0000000000000000 00007ffee83dbee0
0x00007ffee83dbec0:   00007ffee83dbf58 00000001136c3042
0x00007ffee83dbed0:   0000000000000000 00000001136cca58
0x00007ffee83dbee0:   00007fd675264f50 0000000000000000
0x00007ffee83dbef0:   00007fd670634660 00007ffee83dbf70
0x00007ffee83dbf00:   0000000780001980 0000000000000009 

Instructions: (pc=0x0000000108088ea4)
0x0000000108088e84:   74 05 e8 35 fd fe ff 5d c3 48 89 c7 e8 fb b5 fb
0x0000000108088e94:   ff 66 2e 0f 1f 84 00 00 00 00 00 90 55 48 89 e5
0x0000000108088ea4:   48 ff 02 48 8d 0d 22 01 00 00 5d e9 0c 00 00 00
0x0000000108088eb4:   66 2e 0f 1f 84 00 00 00 00 00 66 90 55 48 89 e5 

Register to memory mapping:

RAX=0xf586aee9381800ea is an unknown value
RBX=0x00007fd6707f13b0 is an unknown value
RCX=0x0000000109037e80: UseMembar+0 in /Users/YoungWoo/opt/anaconda3/jre/lib/server/libjvm.dylib at 0x0000000108861000
RDX=0x0000000000000000 is an unknown value
RSP=0x00007ffee83dbd10 is pointing into the stack for thread: 0x00007fd6718af800
RBP=0x00007ffee83dbd10 is pointing into the stack for thread: 0x00007fd6718af800
RSI=0x00007fd6707f13b0 is an unknown value
RDI=0x00007fd674817370 is an unknown value
R8 =0x0000000000000003 is an unknown value
R9 =0x0000000000000030 is an unknown value
R10=0x0000000109103a90: _ZN19TemplateInterpreter13_active_tableE+0x4800 in /Users/YoungWoo/opt/anaconda3/jre/lib/server/libjvm.dylib at 0x0000000108861000
R11=0x0000000105bb3000 is an unknown value
R12=0x0000000000000000 is an unknown value
R13={method} {0x000000010c120a10} 'newWrapper' '(JJ)V' in 'org/jpype/manager/TypeFactoryNative'
R14=0x00007fd670634660 is an unknown value
R15=0x00007fd6718af800 is a thread


Stack: [0x00007ffee73df000,0x00007ffee83df000],  sp=0x00007ffee83dbd10,  free space=16371k
Native frames: (J=compiled Java code, j=interpreted, Vv=VM code, C=native code)
C  [_jpype.cpython-37m-darwin.so+0x46ea4]  _ZN16JPReferenceQueue11registerRefEP8_jobjectP7_object+0x4
C  [_jpype.cpython-37m-darwin.so+0x1f520]  _ZN14JPypeException19convertPythonToJavaEP9JPContext+0xc0
C  [_jpype.cpython-37m-darwin.so+0x20f0e]  _ZN14JPypeException6toJavaEP9JPContext+0xae
C  [_jpype.cpython-37m-darwin.so+0x3a68d]  _Z21JPTypeFactory_rethrowR11JPJavaFrame+0x2d
C  [_jpype.cpython-37m-darwin.so+0x3a756]  _Z24JPTypeFactory_newWrapperP7JNIEnv_P8_jobjectll+0x76
j  org.jpype.manager.TypeFactoryNative.newWrapper(JJ)V+0
j  org.jpype.JPypeContext.newWrapper(J)V+16
v  ~StubRoutines::call_stub
V  [libjvm.dylib+0x2e1aa6]
V  [libjvm.dylib+0x2fc3bb]
V  [libjvm.dylib+0x2eee18]
C  [_jpype.cpython-37m-darwin.so+0x28e10]  _ZN11JPJavaFrame10newWrapperEP7JPClass+0x40
C  [_jpype.cpython-37m-darwin.so+0x4cfb]  _Z16PyJPClass_createR11JPJavaFrameP7JPClass+0x2b
C  [_jpype.cpython-37m-darwin.so+0x433c9]  _ZN7JPClass21convertToPythonObjectER11JPJavaFrame6jvalueb+0x39
C  [_jpype.cpython-37m-darwin.so+0x1e919]  _ZN14JPypeException19convertJavaToPythonEv+0x159
C  [_jpype.cpython-37m-darwin.so+0x1f6a0]  _ZN14JPypeException8toPythonEv+0xa0
C  [_jpype.cpython-37m-darwin.so+0xa86c]  _Z18PyJPModule_rethrowRK11JPStackInfo+0x3c
C  [_jpype.cpython-37m-darwin.so+0x12fbc]  _ZL15PyJPMethod_callP10PyJPMethodP7_objectS2_+0x26c
C  [Python+0x21d81]  _PyObject_FastCallKeywords+0x1b1
C  [Python+0xe1ed4]  call_function+0x1a4
C  [Python+0xdefdd]  _PyEval_EvalFrameDefault+0x625d
C  [Python+0xe2b63]  _PyEval_EvalCodeWithName+0x9a3
C  [Python+0x21f31]  _PyFunction_FastCallKeywords+0x101
C  [Python+0xe2012]  call_function+0x2e2
C  [Python+0xdefc3]  _PyEval_EvalFrameDefault+0x6243
C  [Python+0x223a0]  function_code_fastcall+0x80
C  [Python+0xe2012]  call_function+0x2e2
C  [Python+0xdefc3]  _PyEval_EvalFrameDefault+0x6243
C  [Python+0xe2b63]  _PyEval_EvalCodeWithName+0x9a3
C  [Python+0xd8ca4]  PyEval_EvalCode+0x64
C  [Python+0x1163b1]  PyRun_FileExFlags+0xd1
C  [Python+0x115c2a]  PyRun_SimpleFileExFlags+0x37a
C  [Python+0x1350c3]  pymain_main+0x1b03
C  [Python+0x13562a]  _Py_UnixMain+0x3a
C  [libdyld.dylib+0x1acc9]  start+0x1
C  0x0000000000000002

Java frames: (J=compiled Java code, j=interpreted, Vv=VM code)
j  org.jpype.manager.TypeFactoryNative.newWrapper(JJ)V+0
j  org.jpype.JPypeContext.newWrapper(J)V+16
v  ~StubRoutines::call_stub

---------------  P R O C E S S  ---------------

Java Threads: ( => current thread )
  0x00007fd672963800 JavaThread "Python Reference Queue" daemon [_thread_blocked, id=18179, stack(0x000070000265a000,0x000070000275a000)]
  0x00007fd6711a9800 JavaThread "Service Thread" daemon [_thread_blocked, id=19203, stack(0x0000700002454000,0x0000700002554000)]
  0x00007fd6718f9800 JavaThread "C1 CompilerThread2" daemon [_thread_blocked, id=19459, stack(0x0000700002351000,0x0000700002451000)]
  0x00007fd6718eb800 JavaThread "C2 CompilerThread1" daemon [_thread_in_native, id=19715, stack(0x000070000224e000,0x000070000234e000)]
  0x00007fd67117d800 JavaThread "C2 CompilerThread0" daemon [_thread_in_native, id=19971, stack(0x000070000214b000,0x000070000224b000)]
  0x00007fd67117d000 JavaThread "Signal Dispatcher" daemon [_thread_blocked, id=12291, stack(0x0000700002048000,0x0000700002148000)]
  0x00007fd670842000 JavaThread "Finalizer" daemon [_thread_blocked, id=9219, stack(0x0000700001e3f000,0x0000700001f3f000)]
  0x00007fd670841800 JavaThread "Reference Handler" daemon [_thread_blocked, id=7939, stack(0x0000700001d3c000,0x0000700001e3c000)]
=>0x00007fd6718af800 JavaThread "main" [_thread_in_native, id=775, stack(0x00007ffee73df000,0x00007ffee83df000)]

Other Threads:
  0x00007fd67113d800 VMThread [stack: 0x0000700001c39000,0x0000700001d39000] [id=9475]
  0x00007fd67117c000 WatcherThread [stack: 0x0000700002557000,0x0000700002657000] [id=18691]

VM state:not at safepoint (normal execution)

VM Mutex/Monitor currently owned by a thread: None

Heap:
 PSYoungGen      total 312320K, used 139025K [0x00000007aab00000, 0x00000007c0000000, 0x00000007c0000000)
  eden space 301056K, 46% used [0x00000007aab00000,0x00000007b32c4560,0x00000007bd100000)
  from space 11264K, 0% used [0x00000007bf500000,0x00000007bf500000,0x00000007c0000000)
  to   space 24064K, 0% used [0x00000007bd100000,0x00000007bd100000,0x00000007be880000)
 ParOldGen       total 163328K, used 93416K [0x0000000780000000, 0x0000000789f80000, 0x00000007aab00000)
  object space 163328K, 57% used [0x0000000780000000,0x0000000785b3a098,0x0000000789f80000)
 Metaspace       used 13586K, capacity 14280K, committed 14464K, reserved 1060864K
  class space    used 1987K, capacity 2150K, committed 2176K, reserved 1048576K

Card table byte_map: [0x00000001097b3000,0x00000001099b4000] byte_map_base: 0x0000000105bb3000

Marking Bits: (ParMarkBitMap*) 0x00000001090f3860
 Begin Bits: [0x0000000109b0a000, 0x000000010ab0a000)
 End Bits:   [0x000000010ab0a000, 0x000000010bb0a000)

Polling page: 0x00000001093a1000

CodeCache: size=245760Kb used=10143Kb max_used=10819Kb free=235616Kb
 bounds [0x00000001136bb000, 0x000000011418b000, 0x00000001226bb000]
 total_blobs=3450 nmethods=3095 adapters=269
 compilation: enabled

Compilation events (10 events):
Event: 31.416 Thread 0x00007fd6718eb800 3677       4       scala.collection.mutable.HashTable::elemEquals$ (7 bytes)
Event: 31.418 Thread 0x00007fd6718f9800 nmethod 3681 0x00000001138d4c10 code [0x00000001138d5000, 0x00000001138d7658]
Event: 31.419 Thread 0x00007fd6718eb800 nmethod 3677 0x0000000113bbe690 code [0x0000000113bbe800, 0x0000000113bbe9c8]
Event: 31.419 Thread 0x00007fd6718eb800 3680       4       scala.runtime.BoxesRunTime::equalsNumNum (163 bytes)
Event: 31.421 Thread 0x00007fd6718eb800 nmethod 3680 0x0000000113aae410 code [0x0000000113aae560, 0x0000000113aae638]
Event: 31.421 Thread 0x00007fd6718eb800 3674       4       scala.collection.mutable.HashMap::get (29 bytes)
Event: 31.434 Thread 0x00007fd6718eb800 nmethod 3674 0x0000000113daeb10 code [0x0000000113daece0, 0x0000000113daf1a8]
Event: 31.434 Thread 0x00007fd6718eb800 3676       4       scala.collection.mutable.HashTable$HashUtils::elemHashCode (5 bytes)
Event: 31.436 Thread 0x00007fd6718eb800 nmethod 3676 0x0000000113bbe250 code [0x0000000113bbe3c0, 0x0000000113bbe538]
Event: 31.436 Thread 0x00007fd6718eb800 3682 %     4       kr.lucypark.okt.OktInterface::tokenize @ 42 (163 bytes)

GC Heap History (10 events):
Event: 28.579 GC heap before
{Heap before GC invocations=81 (full 25):
 PSYoungGen      total 339456K, used 339392K [0x00000007aab00000, 0x00000007c0000000, 0x00000007c0000000)
  eden space 331776K, 100% used [0x00000007aab00000,0x00000007bef00000,0x00000007bef00000)
  from space 7680K, 99% used [0x00000007bef00000,0x00000007bf670000,0x00000007bf680000)
  to   space 9728K, 0% used [0x00000007bf680000,0x00000007bf680000,0x00000007c0000000)
 ParOldGen       total 81408K, used 72147K [0x0000000780000000, 0x0000000784f80000, 0x00000007aab00000)
  object space 81408K, 88% used [0x0000000780000000,0x0000000784674f28,0x0000000784f80000)
 Metaspace       used 13204K, capacity 13850K, committed 13952K, reserved 1060864K
  class space    used 1929K, capacity 2103K, committed 2176K, reserved 1048576K
Event: 28.604 GC heap after
Heap after GC invocations=81 (full 25):
 PSYoungGen      total 336384K, used 8704K [0x00000007aab00000, 0x00000007c0000000, 0x00000007c0000000)
  eden space 326656K, 0% used [0x00000007aab00000,0x00000007aab00000,0x00000007bea00000)
  from space 9728K, 89% used [0x00000007bf680000,0x00000007bff00000,0x00000007c0000000)
  to   space 11264K, 0% used [0x00000007bea00000,0x00000007bea00000,0x00000007bf500000)
 ParOldGen       total 81408K, used 72147K [0x0000000780000000, 0x0000000784f80000, 0x00000007aab00000)
  object space 81408K, 88% used [0x0000000780000000,0x0000000784674f28,0x0000000784f80000)
 Metaspace       used 13204K, capacity 13850K, committed 13952K, reserved 1060864K
  class space    used 1929K, capacity 2103K, committed 2176K, reserved 1048576K
}
Event: 29.670 GC heap before
{Heap before GC invocations=82 (full 25):
 PSYoungGen      total 336384K, used 335360K [0x00000007aab00000, 0x00000007c0000000, 0x00000007c0000000)
  eden space 326656K, 100% used [0x00000007aab00000,0x00000007bea00000,0x00000007bea00000)
  from space 9728K, 89% used [0x00000007bf680000,0x00000007bff00000,0x00000007c0000000)
  to   space 11264K, 0% used [0x00000007bea00000,0x00000007bea00000,0x00000007bf500000)
 ParOldGen       total 81408K, used 72147K [0x0000000780000000, 0x0000000784f80000, 0x00000007aab00000)
  object space 81408K, 88% used [0x0000000780000000,0x0000000784674f28,0x0000000784f80000)
 Metaspace       used 13333K, capacity 13994K, committed 14208K, reserved 1060864K
  class space    used 1967K, capacity 2145K, committed 2176K, reserved 1048576K
Event: 29.763 GC heap after
Heap after GC invocations=82 (full 25):
 PSYoungGen      total 337920K, used 11258K [0x00000007aab00000, 0x00000007c0000000, 0x00000007c0000000)
  eden space 326656K, 0% used [0x00000007aab00000,0x00000007aab00000,0x00000007bea00000)
  from space 11264K, 99% used [0x00000007bea00000,0x00000007bf4fea90,0x00000007bf500000)
  to   space 11264K, 0% used [0x00000007bf500000,0x00000007bf500000,0x00000007c0000000)
 ParOldGen       total 103424K, used 103183K [0x0000000780000000, 0x0000000786500000, 0x00000007aab00000)
  object space 103424K, 99% used [0x0000000780000000,0x00000007864c3fb8,0x0000000786500000)
 Metaspace       used 13333K, capacity 13994K, committed 14208K, reserved 1060864K
  class space    used 1967K, capacity 2145K, committed 2176K, reserved 1048576K
}
Event: 29.763 GC heap before
{Heap before GC invocations=83 (full 26):
 PSYoungGen      total 337920K, used 11258K [0x00000007aab00000, 0x00000007c0000000, 0x00000007c0000000)
  eden space 326656K, 0% used [0x00000007aab00000,0x00000007aab00000,0x00000007bea00000)
  from space 11264K, 99% used [0x00000007bea00000,0x00000007bf4fea90,0x00000007bf500000)
  to   space 11264K, 0% used [0x00000007bf500000,0x00000007bf500000,0x00000007c0000000)
 ParOldGen       total 103424K, used 103183K [0x0000000780000000, 0x0000000786500000, 0x00000007aab00000)
  object space 103424K, 99% used [0x0000000780000000,0x00000007864c3fb8,0x0000000786500000)
 Metaspace       used 13333K, capacity 13994K, committed 14208K, reserved 1060864K
  class space    used 1967K, capacity 2145K, committed 2176K, reserved 1048576K
Event: 30.411 GC heap after
Heap after GC invocations=83 (full 26):
 PSYoungGen      total 337920K, used 0K [0x00000007aab00000, 0x00000007c0000000, 0x00000007c0000000)
  eden space 326656K, 0% used [0x00000007aab00000,0x00000007aab00000,0x00000007bea00000)
  from space 11264K, 0% used [0x00000007bea00000,0x00000007bea00000,0x00000007bf500000)
  to   space 11264K, 0% used [0x00000007bf500000,0x00000007bf500000,0x00000007c0000000)
 ParOldGen       total 163328K, used 92129K [0x0000000780000000, 0x0000000789f80000, 0x00000007aab00000)
  object space 163328K, 56% used [0x0000000780000000,0x00000007859f8518,0x0000000789f80000)
 Metaspace       used 13333K, capacity 13994K, committed 14208K, reserved 1060864K
  class space    used 1967K, capacity 2145K, committed 2176K, reserved 1048576K
}
Event: 30.429 GC heap before
{Heap before GC invocations=84 (full 26):
 PSYoungGen      total 337920K, used 13068K [0x00000007aab00000, 0x00000007c0000000, 0x00000007c0000000)
  eden space 326656K, 4% used [0x00000007aab00000,0x00000007ab7c30f0,0x00000007bea00000)
  from space 11264K, 0% used [0x00000007bea00000,0x00000007bea00000,0x00000007bf500000)
  to   space 11264K, 0% used [0x00000007bf500000,0x00000007bf500000,0x00000007c0000000)
 ParOldGen       total 163328K, used 92129K [0x0000000780000000, 0x0000000789f80000, 0x00000007aab00000)
  object space 163328K, 56% used [0x0000000780000000,0x00000007859f8518,0x0000000789f80000)
 Metaspace       used 13333K, capacity 13994K, committed 14208K, reserved 1060864K
  class space    used 1967K, capacity 2145K, committed 2176K, reserved 1048576K
Event: 30.433 GC heap after
Heap after GC invocations=84 (full 26):
 PSYoungGen      total 312320K, used 1824K [0x00000007aab00000, 0x00000007c0000000, 0x00000007c0000000)
  eden space 301056K, 0% used [0x00000007aab00000,0x00000007aab00000,0x00000007bd100000)
  from space 11264K, 16% used [0x00000007bf500000,0x00000007bf6c8000,0x00000007c0000000)
  to   space 24064K, 0% used [0x00000007bd100000,0x00000007bd100000,0x00000007be880000)
 ParOldGen       total 163328K, used 92129K [0x0000000780000000, 0x0000000789f80000, 0x00000007aab00000)
  object space 163328K, 56% used [0x0000000780000000,0x00000007859f8518,0x0000000789f80000)
 Metaspace       used 13333K, capacity 13994K, committed 14208K, reserved 1060864K
  class space    used 1967K, capacity 2145K, committed 2176K, reserved 1048576K
}
Event: 30.433 GC heap before
{Heap before GC invocations=85 (full 27):
 PSYoungGen      total 312320K, used 1824K [0x00000007aab00000, 0x00000007c0000000, 0x00000007c0000000)
  eden space 301056K, 0% used [0x00000007aab00000,0x00000007aab00000,0x00000007bd100000)
  from space 11264K, 16% used [0x00000007bf500000,0x00000007bf6c8000,0x00000007c0000000)
  to   space 24064K, 0% used [0x00000007bd100000,0x00000007bd100000,0x00000007be880000)
 ParOldGen       total 163328K, used 92129K [0x0000000780000000, 0x0000000789f80000, 0x00000007aab00000)
  object space 163328K, 56% used [0x0000000780000000,0x00000007859f8518,0x0000000789f80000)
 Metaspace       used 13333K, capacity 13994K, committed 14208K, reserved 1060864K
  class space    used 1967K, capacity 2145K, committed 2176K, reserved 1048576K
Event: 31.008 GC heap after
Heap after GC invocations=85 (full 27):
 PSYoungGen      total 312320K, used 0K [0x00000007aab00000, 0x00000007c0000000, 0x00000007c0000000)
  eden space 301056K, 0% used [0x00000007aab00000,0x00000007aab00000,0x00000007bd100000)
  from space 11264K, 0% used [0x00000007bf500000,0x00000007bf500000,0x00000007c0000000)
  to   space 24064K, 0% used [0x00000007bd100000,0x00000007bd100000,0x00000007be880000)
 ParOldGen       total 163328K, used 93416K [0x0000000780000000, 0x0000000789f80000, 0x00000007aab00000)
  object space 163328K, 57% used [0x0000000780000000,0x0000000785b3a098,0x0000000789f80000)
 Metaspace       used 13333K, capacity 13994K, committed 14208K, reserved 1060864K
  class space    used 1967K, capacity 2145K, committed 2176K, reserved 1048576K
}

Deoptimization events (10 events):
Event: 31.081 Thread 0x00007fd6718af800 Uncommon trap: reason=speculate_class_check action=maybe_recompile pc=0x0000000113fca5f8 method=scala.collection.LinearSeqOptimized.last()Ljava/lang/Object; @ 30
Event: 31.095 Thread 0x00007fd6718af800 Uncommon trap: reason=speculate_class_check action=maybe_recompile pc=0x0000000113fca5f8 method=scala.collection.LinearSeqOptimized.last()Ljava/lang/Object; @ 30
Event: 31.095 Thread 0x00007fd6718af800 Uncommon trap: reason=speculate_class_check action=maybe_recompile pc=0x0000000113fca5f8 method=scala.collection.LinearSeqOptimized.last()Ljava/lang/Object; @ 30
Event: 31.101 Thread 0x00007fd6718af800 Uncommon trap: reason=speculate_class_check action=maybe_recompile pc=0x0000000113fca5f8 method=scala.collection.LinearSeqOptimized.last()Ljava/lang/Object; @ 30
Event: 31.153 Thread 0x00007fd6718af800 Uncommon trap: reason=unstable_if action=reinterpret pc=0x0000000113ca9b80 method=scala.collection.immutable.HashMap$HashTrieMap.get0(Ljava/lang/Object;II)Lscala/Option; @ 13
Event: 31.153 Thread 0x00007fd6718af800 Uncommon trap: reason=unstable_if action=reinterpret pc=0x0000000113c089a8 method=scala.collection.immutable.HashMap$HashTrieMap.get0(Ljava/lang/Object;II)Lscala/Option; @ 13
Event: 31.153 Thread 0x00007fd6718af800 Uncommon trap: reason=unstable_if action=reinterpret pc=0x0000000113c0a4a4 method=scala.collection.immutable.HashMap$HashTrieMap.get0(Ljava/lang/Object;II)Lscala/Option; @ 13
Event: 31.154 Thread 0x00007fd6718af800 Uncommon trap: reason=unstable_if action=reinterpret pc=0x0000000113ca4bc0 method=scala.collection.immutable.HashMap$HashTrieMap.get0(Ljava/lang/Object;II)Lscala/Option; @ 13
Event: 31.178 Thread 0x00007fd6718af800 Uncommon trap: reason=unstable_if action=reinterpret pc=0x0000000113ae082c method=scala.collection.immutable.Set$Set2.contains(Ljava/lang/Object;)Z @ 8
Event: 31.323 Thread 0x00007fd6718af800 Uncommon trap: reason=unstable_if action=reinterpret pc=0x000000011411d2b4 method=scala.runtime.BoxesRunTime.equalsNumNum(Ljava/lang/Number;Ljava/lang/Number;)Z @ 60

Classes redefined (0 events):
No events

Internal exceptions (10 events):
Event: 8.164 Thread 0x00007fd6718af800 Exception <a 'java/lang/NoSuchMethodError': java.lang.Object.$anonfun$sliding$1(Lscala/collection/IterableLike;Lscala/collection/Seq;)Ljava/lang/Object;> (0x00000007aec82368) thrown at [/Users/builduser/buildAgent/work/d332137835c821ac/hotspot/src/share/v
Event: 8.175 Thread 0x00007fd6718af800 Exception <a 'java/lang/NoSuchMethodError': java.lang.Object.$anonfun$sum$1(Lscala/math/Numeric;Ljava/lang/Object;Ljava/lang/Object;)Ljava/lang/Object;> (0x00000007aeccf5c8) thrown at [/Users/builduser/buildAgent/work/d332137835c821ac/hotspot/src/share/vm
Event: 8.189 Thread 0x00007fd6718af800 Exception <a 'java/lang/NoSuchMethodError': java.lang.Object.$anonfun$distinct$1(Lscala/collection/mutable/Builder;Lscala/collection/mutable/HashSet;Ljava/lang/Object;)Ljava/lang/Object;> (0x00000007aed27d38) thrown at [/Users/builduser/buildAgent/work/d3
Event: 8.225 Thread 0x00007fd6718af800 Exception <a 'java/lang/NoSuchMethodError': java.lang.Object.$anonfun$releaseVersion$1$adapted(Ljava/lang/String;)Ljava/lang/Object;> (0x00000007aeed5168) thrown at [/Users/builduser/buildAgent/work/d332137835c821ac/hotspot/src/share/vm/interpreter/linkRe
Event: 8.227 Thread 0x00007fd6718af800 Exception <a 'java/lang/NoSuchMethodError': java.lang.Object.$anonfun$releaseVersion$2(Ljava/lang/String;)Ljava/lang/String;> (0x00000007aeee0320) thrown at [/Users/builduser/buildAgent/work/d332137835c821ac/hotspot/src/share/vm/interpreter/linkResolver.c
Event: 8.228 Thread 0x00007fd6718af800 Exception <a 'java/lang/NoSuchMethodError': java.lang.Object.$anonfun$developmentVersion$1$adapted(Ljava/lang/String;)Ljava/lang/Object;> (0x00000007aeee44b8) thrown at [/Users/builduser/buildAgent/work/d332137835c821ac/hotspot/src/share/vm/interpreter/li
Event: 8.228 Thread 0x00007fd6718af800 Exception <a 'java/lang/NoSuchMethodError': java.lang.Object.$anonfun$developmentVersion$2(Lscala/util/PropertiesTrait;Ljava/lang/String;)Lscala/Option;> (0x00000007aeee8280) thrown at [/Users/builduser/buildAgent/work/d332137835c821ac/hotspot/src/share/v
Event: 8.249 Thread 0x00007fd6718af800 Exception <a 'java/lang/NoSuchMethodError': java.lang.Object.$anonfun$addString$1(Lscala/collection/mutable/StringBuilder;Ljava/lang/String;Lscala/runtime/BooleanRef;Ljava/lang/Object;)Ljava/lang/Object;> (0x00000007aef2e130) thrown at [/Users/builduser/b
Event: 31.319 Thread 0x00007fd6718af800 Exception <a 'java/lang/NoSuchMethodError': java.lang.Object.$anonfun$filterImpl$1(Lscala/Function1;ZLscala/collection/mutable/Builder;Ljava/lang/Object;)Ljava/lang/Object;> (0x00000007b1947cc8) thrown at [/Users/builduser/buildAgent/work/d332137835c821ac
Event: 31.476 Thread 0x00007fd6718af800 Exception <a 'java/lang/InterruptedException': sleep interrupted> (0x00000007b2e75300) thrown at [/Users/builduser/buildAgent/work/d332137835c821ac/hotspot/src/share/vm/prims/jvm.cpp, line 3180]

Events (10 events):
Event: 31.318 loading class scala/reflect/ClassTag$GenericClassTag done
Event: 31.319 loading class scala/Function1
Event: 31.319 loading class scala/Function1 done
Event: 31.319 loading class scala/Function1
Event: 31.319 loading class scala/Function1 done
Event: 31.323 Thread 0x00007fd6718af800 Uncommon trap: trap_request=0xffffff65 fr.pc=0x000000011411d2b4
Event: 31.323 Thread 0x00007fd6718af800 DEOPT PACKING pc=0x000000011411d2b4 sp=0x00007ffee83db850
Event: 31.323 Thread 0x00007fd6718af800 DEOPT UNPACKING pc=0x000000011370047a sp=0x00007ffee83db7a0 mode 2
Event: 31.479 loading class org/jpype/ref/JPypeReferenceSet$Pool
Event: 31.479 loading class org/jpype/ref/JPypeReferenceSet$Pool done


Dynamic libraries:
0x00000000042cd000 	/System/Library/Frameworks/CoreFoundation.framework/Versions/A/CoreFoundation
0x000000010782e000 	/Library/Frameworks/Python.framework/Versions/3.7/Python
0x00000000042cd000 	/usr/lib/libSystem.B.dylib
0x00000000042cd000 	/usr/lib/libobjc.A.dylib
0x00000000042cd000 	/usr/lib/libfakelink.dylib
0x00000000042cd000 	/usr/lib/libDiagnosticMessagesClient.dylib
0x00000000042cd000 	/usr/lib/libicucore.A.dylib
0x00000000042cd000 	/usr/lib/libz.1.dylib
0x00000000042cd000 	/usr/lib/libc++abi.dylib
0x00000000042cd000 	/usr/lib/libc++.1.dylib
0x00000000042cd000 	/usr/lib/system/libcache.dylib
0x00000000042cd000 	/usr/lib/system/libcommonCrypto.dylib
0x00000000042cd000 	/usr/lib/system/libcompiler_rt.dylib
0x00000000042cd000 	/usr/lib/system/libcopyfile.dylib
0x00000000042cd000 	/usr/lib/system/libcorecrypto.dylib
0x00000000042cd000 	/usr/lib/system/libdispatch.dylib
0x00000000042cd000 	/usr/lib/system/libdyld.dylib
0x00000000042cd000 	/usr/lib/system/libkeymgr.dylib
0x00000000042cd000 	/usr/lib/system/liblaunch.dylib
0x00000000042cd000 	/usr/lib/system/libmacho.dylib
0x00000000042cd000 	/usr/lib/system/libquarantine.dylib
0x00000000042cd000 	/usr/lib/system/libremovefile.dylib
0x00000000042cd000 	/usr/lib/system/libsystem_asl.dylib
0x00000000042cd000 	/usr/lib/system/libsystem_blocks.dylib
0x00000000042cd000 	/usr/lib/system/libsystem_c.dylib
0x00000000042cd000 	/usr/lib/system/libsystem_configuration.dylib
0x00000000042cd000 	/usr/lib/system/libsystem_coreservices.dylib
0x00000000042cd000 	/usr/lib/system/libsystem_darwin.dylib
0x00000000042cd000 	/usr/lib/system/libsystem_dnssd.dylib
0x00000000042cd000 	/usr/lib/system/libsystem_featureflags.dylib
0x00000000042cd000 	/usr/lib/system/libsystem_info.dylib
0x00000000042cd000 	/usr/lib/system/libsystem_m.dylib
0x00000000042cd000 	/usr/lib/system/libsystem_malloc.dylib
0x00000000042cd000 	/usr/lib/system/libsystem_networkextension.dylib
0x00000000042cd000 	/usr/lib/system/libsystem_notify.dylib
0x00000000042cd000 	/usr/lib/system/libsystem_sandbox.dylib
0x00000000042cd000 	/usr/lib/system/libsystem_secinit.dylib
0x00000000042cd000 	/usr/lib/system/libsystem_kernel.dylib
0x00000000042cd000 	/usr/lib/system/libsystem_platform.dylib
0x00000000042cd000 	/usr/lib/system/libsystem_pthread.dylib
0x00000000042cd000 	/usr/lib/system/libsystem_symptoms.dylib
0x00000000042cd000 	/usr/lib/system/libsystem_trace.dylib
0x00000000042cd000 	/usr/lib/system/libunwind.dylib
0x00000000042cd000 	/usr/lib/system/libxpc.dylib
0x00000000042cd000 	/System/Library/CoreServices/Encodings/libKoreanConverter.dylib
0x0000000107b79000 	/Library/Frameworks/Python.framework/Versions/3.7/lib/python3.7/lib-dynload/_heapq.cpython-37m-darwin.so
0x0000000107b83000 	/Library/Frameworks/Python.framework/Versions/3.7/lib/python3.7/lib-dynload/_hashlib.cpython-37m-darwin.so
0x0000000107b8f000 	/Library/Frameworks/Python.framework/Versions/3.7/lib/libssl.1.1.dylib
0x0000000107c16000 	/Library/Frameworks/Python.framework/Versions/3.7/lib/libcrypto.1.1.dylib
0x0000000107eca000 	/Library/Frameworks/Python.framework/Versions/3.7/lib/python3.7/lib-dynload/_blake2.cpython-37m-darwin.so
0x0000000107ed9000 	/Library/Frameworks/Python.framework/Versions/3.7/lib/python3.7/lib-dynload/_sha3.cpython-37m-darwin.so
0x0000000107ef4000 	/Library/Frameworks/Python.framework/Versions/3.7/lib/python3.7/lib-dynload/_json.cpython-37m-darwin.so
0x0000000107f03000 	/Library/Frameworks/Python.framework/Versions/3.7/lib/python3.7/lib-dynload/_posixsubprocess.cpython-37m-darwin.so
0x0000000107f0c000 	/Library/Frameworks/Python.framework/Versions/3.7/lib/python3.7/lib-dynload/select.cpython-37m-darwin.so
0x0000000107f1a000 	/Library/Frameworks/Python.framework/Versions/3.7/lib/python3.7/lib-dynload/math.cpython-37m-darwin.so
0x0000000107f2a000 	/Library/Frameworks/Python.framework/Versions/3.7/lib/python3.7/lib-dynload/zlib.cpython-37m-darwin.so
0x0000000107f38000 	/Library/Frameworks/Python.framework/Versions/3.7/lib/python3.7/lib-dynload/_bz2.cpython-37m-darwin.so
0x00000000042cd000 	/usr/lib/libbz2.1.0.dylib
0x0000000107f42000 	/Library/Frameworks/Python.framework/Versions/3.7/lib/python3.7/lib-dynload/_lzma.cpython-37m-darwin.so
0x0000000107f81000 	/Library/Frameworks/Python.framework/Versions/3.7/lib/python3.7/lib-dynload/grp.cpython-37m-darwin.so
0x0000000107f89000 	/Library/Frameworks/Python.framework/Versions/3.7/lib/python3.7/lib-dynload/_struct.cpython-37m-darwin.so
0x0000000107f9b000 	/Library/Frameworks/Python.framework/Versions/3.7/lib/python3.7/lib-dynload/binascii.cpython-37m-darwin.so
0x0000000107fa7000 	/Library/Frameworks/Python.framework/Versions/3.7/lib/python3.7/lib-dynload/_bisect.cpython-37m-darwin.so
0x0000000107faf000 	/Library/Frameworks/Python.framework/Versions/3.7/lib/python3.7/lib-dynload/_random.cpython-37m-darwin.so
0x0000000107fb8000 	/Library/Frameworks/Python.framework/Versions/3.7/lib/python3.7/lib-dynload/_socket.cpython-37m-darwin.so
0x0000000107fd4000 	/Library/Frameworks/Python.framework/Versions/3.7/lib/python3.7/lib-dynload/_datetime.cpython-37m-darwin.so
0x0000000107ff3000 	/Library/Frameworks/Python.framework/Versions/3.7/lib/python3.7/lib-dynload/_ssl.cpython-37m-darwin.so
0x0000000108016000 	/Library/Frameworks/Python.framework/Versions/3.7/lib/python3.7/lib-dynload/_scproxy.cpython-37m-darwin.so
0x00000000042cd000 	/System/Library/Frameworks/SystemConfiguration.framework/Versions/A/SystemConfiguration
0x00000000042cd000 	/usr/lib/libbsm.0.dylib
0x00000000042cd000 	/usr/lib/libnetwork.dylib
0x00000000042cd000 	/usr/lib/libpcap.A.dylib
0x00000000042cd000 	/System/Library/Frameworks/IOKit.framework/Versions/A/IOKit
0x00000000042cd000 	/usr/lib/libcoretls.dylib
0x00000000042cd000 	/usr/lib/libcoretls_cfhelpers.dylib
0x00000000042cd000 	/System/Library/Frameworks/Security.framework/Versions/A/Security
0x00000000042cd000 	/usr/lib/libapple_nghttp2.dylib
0x00000000042cd000 	/usr/lib/libenergytrace.dylib
0x00000000042cd000 	/usr/lib/system/libkxld.dylib
0x00000000042cd000 	/System/Library/Frameworks/Foundation.framework/Versions/C/Foundation
0x00000000042cd000 	/System/Library/PrivateFrameworks/AppleFSCompression.framework/Versions/A/AppleFSCompression
0x00000000042cd000 	/usr/lib/libpam.2.dylib
0x00000000042cd000 	/usr/lib/libsqlite3.dylib
0x00000000042cd000 	/usr/lib/libxar.1.dylib
0x00000000042cd000 	/usr/lib/libauto.dylib
0x00000000042cd000 	/usr/lib/libcompression.dylib
0x00000000042cd000 	/System/Library/Frameworks/DiskArbitration.framework/Versions/A/DiskArbitration
0x00000000042cd000 	/usr/lib/libarchive.2.dylib
0x00000000042cd000 	/usr/lib/libxml2.2.dylib
0x00000000042cd000 	/System/Library/Frameworks/CoreServices.framework/Versions/A/CoreServices
0x00000000042cd000 	/usr/lib/liblangid.dylib
0x00000000042cd000 	/usr/lib/libCRFSuite.dylib
0x00000000042cd000 	/System/Library/Frameworks/CFNetwork.framework/Versions/A/CFNetwork
0x00000000042cd000 	/usr/lib/liblzma.5.dylib
0x00000000042cd000 	/usr/lib/libiconv.2.dylib
0x00000000042cd000 	/usr/lib/libcharset.1.dylib
0x00000000042cd000 	/System/Library/Frameworks/CoreServices.framework/Versions/A/Frameworks/FSEvents.framework/Versions/A/FSEvents
0x00000000042cd000 	/System/Library/Frameworks/CoreServices.framework/Versions/A/Frameworks/CarbonCore.framework/Versions/A/CarbonCore
0x00000000042cd000 	/System/Library/Frameworks/CoreServices.framework/Versions/A/Frameworks/Metadata.framework/Versions/A/Metadata
0x00000000042cd000 	/System/Library/Frameworks/CoreServices.framework/Versions/A/Frameworks/OSServices.framework/Versions/A/OSServices
0x00000000042cd000 	/System/Library/Frameworks/CoreServices.framework/Versions/A/Frameworks/SearchKit.framework/Versions/A/SearchKit
0x00000000042cd000 	/System/Library/Frameworks/CoreServices.framework/Versions/A/Frameworks/AE.framework/Versions/A/AE
0x00000000042cd000 	/System/Library/Frameworks/CoreServices.framework/Versions/A/Frameworks/LaunchServices.framework/Versions/A/LaunchServices
0x00000000042cd000 	/System/Library/Frameworks/CoreServices.framework/Versions/A/Frameworks/DictionaryServices.framework/Versions/A/DictionaryServices
0x00000000042cd000 	/System/Library/Frameworks/CoreServices.framework/Versions/A/Frameworks/SharedFileList.framework/Versions/A/SharedFileList
0x00000000042cd000 	/System/Library/Frameworks/NetFS.framework/Versions/A/NetFS
0x00000000042cd000 	/System/Library/PrivateFrameworks/NetAuth.framework/Versions/A/NetAuth
0x00000000042cd000 	/System/Library/PrivateFrameworks/login.framework/Versions/A/Frameworks/loginsupport.framework/Versions/A/loginsupport
0x00000000042cd000 	/System/Library/PrivateFrameworks/TCC.framework/Versions/A/TCC
0x00000000042cd000 	/System/Library/PrivateFrameworks/CoreNLP.framework/Versions/A/CoreNLP
0x00000000042cd000 	/System/Library/PrivateFrameworks/MetadataUtilities.framework/Versions/A/MetadataUtilities
0x00000000042cd000 	/usr/lib/libmecabra.dylib
0x00000000042cd000 	/System/Library/Frameworks/Accelerate.framework/Versions/A/Accelerate
0x00000000042cd000 	/usr/lib/libmecab.dylib
0x00000000042cd000 	/usr/lib/libgermantok.dylib
0x00000000042cd000 	/usr/lib/libThaiTokenizer.dylib
0x00000000042cd000 	/usr/lib/libChineseTokenizer.dylib
0x00000000042cd000 	/System/Library/Frameworks/Accelerate.framework/Versions/A/Frameworks/vImage.framework/Versions/A/vImage
0x00000000042cd000 	/System/Library/Frameworks/Accelerate.framework/Versions/A/Frameworks/vecLib.framework/Versions/A/vecLib
0x00000000042cd000 	/System/Library/Frameworks/Accelerate.framework/Versions/A/Frameworks/vecLib.framework/Versions/A/libvMisc.dylib
0x00000000042cd000 	/System/Library/Frameworks/Accelerate.framework/Versions/A/Frameworks/vecLib.framework/Versions/A/libvDSP.dylib
0x00000000042cd000 	/System/Library/Frameworks/Accelerate.framework/Versions/A/Frameworks/vecLib.framework/Versions/A/libBLAS.dylib
0x00000000042cd000 	/System/Library/Frameworks/Accelerate.framework/Versions/A/Frameworks/vecLib.framework/Versions/A/libLAPACK.dylib
0x00000000042cd000 	/System/Library/Frameworks/Accelerate.framework/Versions/A/Frameworks/vecLib.framework/Versions/A/libLinearAlgebra.dylib
0x00000000042cd000 	/System/Library/Frameworks/Accelerate.framework/Versions/A/Frameworks/vecLib.framework/Versions/A/libSparseBLAS.dylib
0x00000000042cd000 	/System/Library/Frameworks/Accelerate.framework/Versions/A/Frameworks/vecLib.framework/Versions/A/libQuadrature.dylib
0x00000000042cd000 	/System/Library/Frameworks/Accelerate.framework/Versions/A/Frameworks/vecLib.framework/Versions/A/libBNNS.dylib
0x00000000042cd000 	/System/Library/Frameworks/Accelerate.framework/Versions/A/Frameworks/vecLib.framework/Versions/A/libSparse.dylib
0x00000000042cd000 	/System/Library/PrivateFrameworks/LanguageModeling.framework/Versions/A/LanguageModeling
0x00000000042cd000 	/System/Library/PrivateFrameworks/CoreEmoji.framework/Versions/A/CoreEmoji
0x00000000042cd000 	/System/Library/PrivateFrameworks/LinguisticData.framework/Versions/A/LinguisticData
0x00000000042cd000 	/System/Library/PrivateFrameworks/Lexicon.framework/Versions/A/Lexicon
0x00000000042cd000 	/usr/lib/libcmph.dylib
0x00000000042cd000 	/System/Library/Frameworks/OpenDirectory.framework/Versions/A/Frameworks/CFOpenDirectory.framework/Versions/A/CFOpenDirectory
0x00000000042cd000 	/System/Library/Frameworks/OpenDirectory.framework/Versions/A/OpenDirectory
0x00000000042cd000 	/System/Library/PrivateFrameworks/APFS.framework/Versions/A/APFS
0x00000000042cd000 	/System/Library/Frameworks/SecurityFoundation.framework/Versions/A/SecurityFoundation
0x00000000042cd000 	/usr/lib/libutil.dylib
0x00000000042cd000 	/System/Library/PrivateFrameworks/CoreServicesStore.framework/Versions/A/CoreServicesStore
0x00000000042cd000 	/System/Library/Frameworks/ServiceManagement.framework/Versions/A/ServiceManagement
0x00000000042cd000 	/System/Library/PrivateFrameworks/BackgroundTaskManagement.framework/Versions/A/BackgroundTaskManagement
0x00000000042cd000 	/usr/lib/libxslt.1.dylib
0x000000010801e000 	/Library/Frameworks/Python.framework/Versions/3.7/lib/python3.7/lib-dynload/_pickle.cpython-37m-darwin.so
0x0000000108042000 	/Users/YoungWoo/Library/Python/3.7/lib/python/site-packages/_jpype.cpython-37m-darwin.so
0x0000000108126000 	/Library/Frameworks/Python.framework/Versions/3.7/lib/python3.7/lib-dynload/_queue.cpython-37m-darwin.so
0x0000000108130000 	/Library/Frameworks/Python.framework/Versions/3.7/lib/python3.7/lib-dynload/unicodedata.cpython-37m-darwin.so
0x000000010823c000 	/Library/Frameworks/Python.framework/Versions/3.7/lib/python3.7/lib-dynload/fcntl.cpython-37m-darwin.so
0x0000000108246000 	/Library/Frameworks/Python.framework/Versions/3.7/lib/python3.7/lib-dynload/_ctypes.cpython-37m-darwin.so
0x000000010826f000 	/Users/YoungWoo/Library/Python/3.7/lib/python/site-packages/lxml/etree.cpython-37m-darwin.so
0x0000000108812000 	/Users/YoungWoo/Library/Python/3.7/lib/python/site-packages/lxml/_elementpath.cpython-37m-darwin.so
0x000000010884a000 	/Library/Frameworks/Python.framework/Versions/3.7/lib/python3.7/lib-dynload/_opcode.cpython-37m-darwin.so
0x0000000108852000 	/Users/YoungWoo/opt/anaconda3/jre/lib/jli/libjli.dylib
0x00000000042cd000 	/System/Library/Frameworks/Cocoa.framework/Versions/A/Cocoa
0x00000000042cd000 	/System/Library/Frameworks/ApplicationServices.framework/Versions/A/ApplicationServices
0x00000000042cd000 	/System/Library/Frameworks/AppKit.framework/Versions/C/AppKit
0x00000000042cd000 	/System/Library/Frameworks/CoreData.framework/Versions/A/CoreData
0x00000000042cd000 	/System/Library/PrivateFrameworks/UIFoundation.framework/Versions/A/UIFoundation
0x00000000042cd000 	/System/Library/PrivateFrameworks/RemoteViewServices.framework/Versions/A/RemoteViewServices
0x00000000042cd000 	/System/Library/PrivateFrameworks/XCTTargetBootstrap.framework/Versions/A/XCTTargetBootstrap
0x00000000042cd000 	/System/Library/Frameworks/CoreDisplay.framework/Versions/A/CoreDisplay
0x00000000042cd000 	/System/Library/Frameworks/Metal.framework/Versions/A/Metal
0x00000000042cd000 	/System/Library/PrivateFrameworks/DesktopServicesPriv.framework/Versions/A/DesktopServicesPriv
0x00000000042cd000 	/System/Library/PrivateFrameworks/CoreSVG.framework/Versions/A/CoreSVG
0x00000000042cd000 	/System/Library/PrivateFrameworks/SkyLight.framework/Versions/A/SkyLight
0x00000000042cd000 	/System/Library/Frameworks/CoreGraphics.framework/Versions/A/CoreGraphics
0x00000000042cd000 	/System/Library/PrivateFrameworks/IconServices.framework/Versions/A/IconServices
0x00000000042cd000 	/System/Library/Frameworks/IOSurface.framework/Versions/A/IOSurface
0x00000000042cd000 	/System/Library/PrivateFrameworks/DFRFoundation.framework/Versions/A/DFRFoundation
0x00000000042cd000 	/System/Library/Frameworks/AudioToolbox.framework/Versions/A/AudioToolbox
0x00000000042cd000 	/System/Library/Frameworks/AudioUnit.framework/Versions/A/AudioUnit
0x00000000042cd000 	/System/Library/PrivateFrameworks/DataDetectorsCore.framework/Versions/A/DataDetectorsCore
0x00000000042cd000 	/System/Library/Frameworks/Carbon.framework/Versions/A/Frameworks/HIToolbox.framework/Versions/A/HIToolbox
0x00000000042cd000 	/System/Library/Frameworks/QuartzCore.framework/Versions/A/QuartzCore
0x00000000042cd000 	/System/Library/Frameworks/Carbon.framework/Versions/A/Frameworks/SpeechRecognition.framework/Versions/A/SpeechRecognition
0x00000000042cd000 	/System/Library/PrivateFrameworks/CoreUI.framework/Versions/A/CoreUI
0x00000000042cd000 	/System/Library/Frameworks/CoreAudio.framework/Versions/A/CoreAudio
0x00000000042cd000 	/System/Library/PrivateFrameworks/MultitouchSupport.framework/Versions/A/MultitouchSupport
0x00000000042cd000 	/System/Library/PrivateFrameworks/PerformanceAnalysis.framework/Versions/A/PerformanceAnalysis
0x00000000042cd000 	/System/Library/Frameworks/OpenGL.framework/Versions/A/OpenGL
0x00000000042cd000 	/System/Library/Frameworks/ColorSync.framework/Versions/A/ColorSync
0x00000000042cd000 	/System/Library/Frameworks/CoreImage.framework/Versions/A/CoreImage
0x00000000042cd000 	/System/Library/Frameworks/CoreText.framework/Versions/A/CoreText
0x00000000042cd000 	/System/Library/Frameworks/ImageIO.framework/Versions/A/ImageIO
0x00000000042cd000 	/usr/lib/libMobileGestalt.dylib
0x00000000042cd000 	/System/Library/PrivateFrameworks/TextureIO.framework/Versions/A/TextureIO
0x00000000042cd000 	/usr/lib/libate.dylib
0x00000000042cd000 	/System/Library/PrivateFrameworks/InternationalSupport.framework/Versions/A/InternationalSupport
0x00000000042cd000 	/System/Library/PrivateFrameworks/AppleSystemInfo.framework/Versions/A/AppleSystemInfo
0x00000000042cd000 	/System/Library/Frameworks/ImageIO.framework/Versions/A/Resources/libJPEG.dylib
0x00000000042cd000 	/System/Library/Frameworks/ImageIO.framework/Versions/A/Resources/libTIFF.dylib
0x00000000042cd000 	/System/Library/Frameworks/ImageIO.framework/Versions/A/Resources/libPng.dylib
0x00000000042cd000 	/System/Library/Frameworks/ImageIO.framework/Versions/A/Resources/libGIF.dylib
0x00000000042cd000 	/System/Library/Frameworks/ImageIO.framework/Versions/A/Resources/libJP2.dylib
0x00000000042cd000 	/System/Library/Frameworks/ImageIO.framework/Versions/A/Resources/libRadiance.dylib
0x00000000042cd000 	/usr/lib/libexpat.1.dylib
0x00000000042cd000 	/System/Library/PrivateFrameworks/AppleJPEG.framework/Versions/A/AppleJPEG
0x00000000042cd000 	/System/Library/PrivateFrameworks/FontServices.framework/libFontParser.dylib
0x00000000042cd000 	/System/Library/PrivateFrameworks/WatchdogClient.framework/Versions/A/WatchdogClient
0x00000000042cd000 	/System/Library/PrivateFrameworks/IOAccelerator.framework/Versions/A/IOAccelerator
0x00000000042cd000 	/System/Library/Frameworks/MetalPerformanceShaders.framework/Versions/A/MetalPerformanceShaders
0x00000000042cd000 	/System/Library/PrivateFrameworks/GPUWrangler.framework/Versions/A/GPUWrangler
0x00000000042cd000 	/System/Library/PrivateFrameworks/IOPresentment.framework/Versions/A/IOPresentment
0x00000000042cd000 	/System/Library/PrivateFrameworks/DSExternalDisplay.framework/Versions/A/DSExternalDisplay
0x00000000042cd000 	/System/Library/Frameworks/OpenGL.framework/Versions/A/Libraries/libCoreFSCache.dylib
0x00000000042cd000 	/System/Library/Frameworks/MetalPerformanceShaders.framework/Frameworks/MPSCore.framework/Versions/A/MPSCore
0x00000000042cd000 	/System/Library/Frameworks/MetalPerformanceShaders.framework/Frameworks/MPSImage.framework/Versions/A/MPSImage
0x00000000042cd000 	/System/Library/Frameworks/MetalPerformanceShaders.framework/Frameworks/MPSNeuralNetwork.framework/Versions/A/MPSNeuralNetwork
0x00000000042cd000 	/System/Library/Frameworks/MetalPerformanceShaders.framework/Frameworks/MPSMatrix.framework/Versions/A/MPSMatrix
0x00000000042cd000 	/System/Library/Frameworks/MetalPerformanceShaders.framework/Frameworks/MPSRayIntersector.framework/Versions/A/MPSRayIntersector
0x00000000042cd000 	/System/Library/Frameworks/MetalPerformanceShaders.framework/Frameworks/MPSNDArray.framework/Versions/A/MPSNDArray
0x00000000042cd000 	/System/Library/PrivateFrameworks/MetalTools.framework/Versions/A/MetalTools
0x00000000042cd000 	/System/Library/PrivateFrameworks/AggregateDictionary.framework/Versions/A/AggregateDictionary
0x00000000042cd000 	/System/Library/PrivateFrameworks/CoreAnalytics.framework/Versions/A/CoreAnalytics
0x00000000042cd000 	/System/Library/PrivateFrameworks/AppleSauce.framework/Versions/A/AppleSauce
0x00000000042cd000 	/usr/lib/libIOReport.dylib
0x00000000042cd000 	/System/Library/Frameworks/CoreVideo.framework/Versions/A/CoreVideo
0x00000000042cd000 	/System/Library/PrivateFrameworks/GraphVisualizer.framework/Versions/A/GraphVisualizer
0x00000000042cd000 	/System/Library/PrivateFrameworks/FaceCore.framework/Versions/A/FaceCore
0x00000000042cd000 	/System/Library/Frameworks/OpenCL.framework/Versions/A/OpenCL
0x00000000042cd000 	/usr/lib/libFosl_dynamic.dylib
0x00000000042cd000 	/System/Library/PrivateFrameworks/OTSVG.framework/Versions/A/OTSVG
0x00000000042cd000 	/System/Library/Frameworks/ApplicationServices.framework/Versions/A/Frameworks/ATS.framework/Versions/A/Resources/libFontRegistry.dylib
0x00000000042cd000 	/System/Library/PrivateFrameworks/FontServices.framework/libhvf.dylib
0x00000000042cd000 	/System/Library/Frameworks/OpenGL.framework/Versions/A/Libraries/libGFXShared.dylib
0x00000000042cd000 	/System/Library/Frameworks/OpenGL.framework/Versions/A/Libraries/libGLU.dylib
0x00000000042cd000 	/System/Library/Frameworks/OpenGL.framework/Versions/A/Libraries/libGL.dylib
0x00000000042cd000 	/System/Library/Frameworks/OpenGL.framework/Versions/A/Libraries/libGLImage.dylib
0x00000000042cd000 	/System/Library/Frameworks/OpenGL.framework/Versions/A/Libraries/libCVMSPluginSupport.dylib
0x00000000042cd000 	/System/Library/Frameworks/OpenGL.framework/Versions/A/Libraries/libCoreVMClient.dylib
0x00000000042cd000 	/usr/lib/libncurses.5.4.dylib
0x00000000042cd000 	/System/Library/Frameworks/ApplicationServices.framework/Versions/A/Frameworks/ATS.framework/Versions/A/ATS
0x00000000042cd000 	/System/Library/Frameworks/ApplicationServices.framework/Versions/A/Frameworks/ColorSyncLegacy.framework/Versions/A/ColorSyncLegacy
0x00000000042cd000 	/System/Library/Frameworks/ApplicationServices.framework/Versions/A/Frameworks/HIServices.framework/Versions/A/HIServices
0x00000000042cd000 	/System/Library/Frameworks/ApplicationServices.framework/Versions/A/Frameworks/LangAnalysis.framework/Versions/A/LangAnalysis
0x00000000042cd000 	/System/Library/Frameworks/ApplicationServices.framework/Versions/A/Frameworks/PrintCore.framework/Versions/A/PrintCore
0x00000000042cd000 	/System/Library/Frameworks/ApplicationServices.framework/Versions/A/Frameworks/QD.framework/Versions/A/QD
0x00000000042cd000 	/System/Library/Frameworks/ApplicationServices.framework/Versions/A/Frameworks/SpeechSynthesis.framework/Versions/A/SpeechSynthesis
0x00000000042cd000 	/System/Library/Frameworks/ApplicationServices.framework/Versions/A/Frameworks/ATSUI.framework/Versions/A/ATSUI
0x00000000042cd000 	/usr/lib/libcups.2.dylib
0x00000000042cd000 	/System/Library/Frameworks/Kerberos.framework/Versions/A/Kerberos
0x00000000042cd000 	/System/Library/Frameworks/GSS.framework/Versions/A/GSS
0x00000000042cd000 	/usr/lib/libresolv.9.dylib
0x00000000042cd000 	/System/Library/PrivateFrameworks/Heimdal.framework/Versions/A/Heimdal
0x00000000042cd000 	/System/Library/Frameworks/Kerberos.framework/Versions/A/Libraries/libHeimdalProxy.dylib
0x00000000042cd000 	/usr/lib/libheimdal-asn1.dylib
0x00000000042cd000 	/System/Library/PrivateFrameworks/CommonAuth.framework/Versions/A/CommonAuth
0x00000000042cd000 	/System/Library/PrivateFrameworks/AssertionServices.framework/Versions/A/AssertionServices
0x00000000042cd000 	/System/Library/PrivateFrameworks/AudioToolboxCore.framework/Versions/A/AudioToolboxCore
0x00000000042cd000 	/System/Library/PrivateFrameworks/caulk.framework/Versions/A/caulk
0x00000000042cd000 	/System/Library/PrivateFrameworks/BaseBoard.framework/Versions/A/BaseBoard
0x00000000042cd000 	/System/Library/PrivateFrameworks/RunningBoardServices.framework/Versions/A/RunningBoardServices
0x00000000042cd000 	/System/Library/PrivateFrameworks/PersistentConnection.framework/Versions/A/PersistentConnection
0x00000000042cd000 	/System/Library/PrivateFrameworks/ProtocolBuffer.framework/Versions/A/ProtocolBuffer
0x00000000042cd000 	/System/Library/PrivateFrameworks/CommonUtilities.framework/Versions/A/CommonUtilities
0x00000000042cd000 	/System/Library/PrivateFrameworks/Bom.framework/Versions/A/Bom
0x00000000042cd000 	/usr/lib/libAudioToolboxUtility.dylib
0x00000000042cd000 	/System/Library/PrivateFrameworks/Backup.framework/Versions/A/Backup
0x00000000042cd000 	/System/Library/PrivateFrameworks/CrashReporterSupport.framework/Versions/A/CrashReporterSupport
0x00000000042cd000 	/System/Library/PrivateFrameworks/Sharing.framework/Versions/A/Sharing
0x00000000042cd000 	/System/Library/PrivateFrameworks/Apple80211.framework/Versions/A/Apple80211
0x00000000042cd000 	/System/Library/PrivateFrameworks/AuthKit.framework/Versions/A/AuthKit
0x00000000042cd000 	/System/Library/PrivateFrameworks/CoreUtils.framework/Versions/A/CoreUtils
0x00000000042cd000 	/System/Library/Frameworks/CoreWLAN.framework/Versions/A/CoreWLAN
0x00000000042cd000 	/System/Library/Frameworks/IOBluetooth.framework/Versions/A/IOBluetooth
0x00000000042cd000 	/System/Library/PrivateFrameworks/MobileKeyBag.framework/Versions/A/MobileKeyBag
0x00000000042cd000 	/System/Library/PrivateFrameworks/CorePhoneNumbers.framework/Versions/A/CorePhoneNumbers
0x00000000042cd000 	/System/Library/PrivateFrameworks/AppleIDAuthSupport.framework/Versions/A/AppleIDAuthSupport
0x00000000042cd000 	/System/Library/Frameworks/Network.framework/Versions/A/Network
0x00000000042cd000 	/System/Library/PrivateFrameworks/KeychainCircle.framework/Versions/A/KeychainCircle
0x00000000042cd000 	/System/Library/Frameworks/CoreBluetooth.framework/Versions/A/CoreBluetooth
0x00000000042cd000 	/System/Library/PrivateFrameworks/SpeechRecognitionCore.framework/Versions/A/SpeechRecognitionCore
0x0000000108861000 	/Users/YoungWoo/opt/anaconda3/jre/lib/server/libjvm.dylib
0x00000000042cd000 	/usr/lib/libstdc++.6.dylib
0x000000010935e000 	/Users/YoungWoo/opt/anaconda3/jre/lib/libverify.dylib
0x000000010936b000 	/Users/YoungWoo/opt/anaconda3/jre/lib/libjava.dylib
0x00000001093ea000 	/Users/YoungWoo/opt/anaconda3/jre/lib/libzip.dylib
0x000000010eb4c000 	/Users/YoungWoo/opt/anaconda3/jre/lib/libnio.dylib
0x000000010eb5c000 	/Users/YoungWoo/opt/anaconda3/jre/lib/libnet.dylib

VM Arguments:
jvm_args: -Dfile.encoding=UTF8 -ea -Xmx1024m 
java_command: <unknown>
java_class_path (initial): /Users/YoungWoo/Library/Python/3.7/lib/python/site-packages/konlpy/java:/Users/YoungWoo/Library/Python/3.7/lib/python/site-packages/konlpy/java/bin:/Users/YoungWoo/Library/Python/3.7/lib/python/site-packages/konlpy/java/*:/Users/YoungWoo/Library/Python/3.7/lib/python/site-packages/konlpy/java/jhannanum-0.8.4.jar:/Users/YoungWoo/Library/Python/3.7/lib/python/site-packages/konlpy/java/kkma-2.0.jar:/Users/YoungWoo/Library/Python/3.7/lib/python/site-packages/konlpy/java/aho-corasick.jar:/Users/YoungWoo/Library/Python/3.7/lib/python/site-packages/konlpy/java/shineware-common-1.0.jar:/Users/YoungWoo/Library/Python/3.7/lib/python/site-packages/konlpy/java/shineware-ds-1.0.jar:/Users/YoungWoo/Library/Python/3.7/lib/python/site-packages/konlpy/java/komoran-3.0.jar:/Users/YoungWoo/Library/Python/3.7/lib/python/site-packages/konlpy/java/snakeyaml-1.12.jar:/Users/YoungWoo/Library/Python/3.7/lib/python/site-packages/konlpy/java/scala-library-2.12.3.jar:/Users/YoungWoo/Library/Python/3.7/lib/python/site-packages/konlpy/java/open-korean-text-2.1.0.jar:/Users/YoungWoo/Library/Python/3.7/lib/python/site-packages/konlpy/java/twitter-text-1.14.7.jar:/Users/YoungWoo/Library/Python/3.7/lib/python/site-packages/konlpy/java/*
Launcher Type: generic

Environment Variables:
JAVA_HOME=/Users/YoungWoo/opt/anaconda3
PATH=/Library/Frameworks/Python.framework/Versions/3.7/bin:/Users/YoungWoo/opt/anaconda3/bin:/Users/YoungWoo/opt/anaconda3/condabin:/Library/Frameworks/Python.framework/Versions/3.8/bin:/Library/Frameworks/Python.framework/Versions/2.7/bin:/usr/local/bin:/usr/bin:/bin:/usr/sbin:/sbin:/Applications/VMware Fusion.app/Contents/Public
SHELL=/bin/bash

Signal Handlers:
SIGSEGV: [libjvm.dylib+0x58357d], sa_mask[0]=11111111011111110111111111111111, sa_flags=SA_ONSTACK|SA_RESTART|SA_SIGINFO
SIGBUS: [libjvm.dylib+0x58357d], sa_mask[0]=11111111011111110111111111111111, sa_flags=SA_RESTART|SA_SIGINFO
SIGFPE: [libjvm.dylib+0x45cf54], sa_mask[0]=11111111011111110111111111111111, sa_flags=SA_RESTART|SA_SIGINFO
SIGPIPE: [libjvm.dylib+0x45cf54], sa_mask[0]=11111111011111110111111111111111, sa_flags=SA_RESTART|SA_SIGINFO
SIGXFSZ: [libjvm.dylib+0x45cf54], sa_mask[0]=11111111011111110111111111111111, sa_flags=SA_RESTART|SA_SIGINFO
SIGILL: [libjvm.dylib+0x45cf54], sa_mask[0]=11111111011111110111111111111111, sa_flags=SA_RESTART|SA_SIGINFO
SIGUSR1: SIG_DFL, sa_mask[0]=00000000000000000000000000000000, sa_flags=none
SIGUSR2: [libjvm.dylib+0x45ca72], sa_mask[0]=00100000000000000000000000000000, sa_flags=SA_RESTART|SA_SIGINFO
SIGHUP: [libjvm.dylib+0x45b03d], sa_mask[0]=11111111011111110111111111111111, sa_flags=SA_RESTART|SA_SIGINFO
SIGINT: [libjvm.dylib+0x45b03d], sa_mask[0]=11111111011111110111111111111111, sa_flags=SA_RESTART|SA_SIGINFO
SIGTERM: [libjvm.dylib+0x45b03d], sa_mask[0]=11111111011111110111111111111111, sa_flags=SA_RESTART|SA_SIGINFO
SIGQUIT: [libjvm.dylib+0x45b03d], sa_mask[0]=11111111011111110111111111111111, sa_flags=SA_RESTART|SA_SIGINFO


---------------  S Y S T E M  ---------------

OS:Bsduname:Darwin 19.6.0 Darwin Kernel Version 19.6.0: Thu Jun 18 20:49:00 PDT 2020; root:xnu-6153.141.1~1/RELEASE_X86_64 x86_64
rlimit: STACK 8192k, CORE 0k, NPROC 1392, NOFILE 10240, AS infinity
load average:4.72 3.53 3.27

CPU:total 4 (initial active 4) (2 cores per cpu, 2 threads per core) family 6 model 69 stepping 1, cmov, cx8, fxsr, mmx, sse, sse2, sse3, ssse3, sse4.1, sse4.2, popcnt, avx, avx2, aes, clmul, erms, lzcnt, ht, tsc, tscinvbit, bmi1, bmi2

Memory: 4k page, physical 4194304k(47976k free)

/proc/meminfo:


vm_info: OpenJDK 64-Bit Server VM (25.152-b12) for bsd-amd64 JRE (1.8.0_152-release-1056-b12), built on Nov 16 2017 18:29:46 by "builduser" with gcc 4.2.1 (Based on Apple Inc. build 5658) (LLVM build 2336.11.00)

time: Fri Sep 11 16:39:54 2020
elapsed time: 31 seconds (0d 0h 0m 31s)

